2025-11-05 10:27:53.570  INFO 5028 --- [main] c.d.o.DeliveryOptimizerApplication       : Starting DeliveryOptimizerApplication using Java 17.0.12 on ycode with PID 5028 (C:\Users\safiy\Downloads\ProjectsJava\delivery-optimizer-v2\delivery-optimizer\target\classes started by safiy in C:\Users\safiy\Downloads\ProjectsJava\delivery-optimizer-v2\delivery-optimizer)
2025-11-05 10:27:53.572 DEBUG 5028 --- [main] c.d.o.DeliveryOptimizerApplication       : Running with Spring Boot v2.7.15, Spring v5.3.29
2025-11-05 10:27:53.574  INFO 5028 --- [main] c.d.o.DeliveryOptimizerApplication       : No active profile set, falling back to 1 default profile: "default"
2025-11-05 10:27:54.935  INFO 5028 --- [main] .s.d.r.c.RepositoryConfigurationDelegate : Bootstrapping Spring Data JPA repositories in DEFAULT mode.
2025-11-05 10:27:55.064  INFO 5028 --- [main] .s.d.r.c.RepositoryConfigurationDelegate : Finished Spring Data repository scanning in 110 ms. Found 4 JPA repository interfaces.
2025-11-05 10:27:56.068  INFO 5028 --- [main] o.s.b.w.embedded.tomcat.TomcatWebServer  : Tomcat initialized with port(s): 8080 (http)
2025-11-05 10:27:56.090  INFO 5028 --- [main] o.apache.catalina.core.StandardService   : Starting service [Tomcat]
2025-11-05 10:27:56.091  INFO 5028 --- [main] org.apache.catalina.core.StandardEngine  : Starting Servlet engine: [Apache Tomcat/9.0.79]
2025-11-05 10:27:56.236  INFO 5028 --- [main] o.a.c.c.C.[Tomcat].[localhost].[/]       : Initializing Spring embedded WebApplicationContext
2025-11-05 10:27:56.236  INFO 5028 --- [main] w.s.c.ServletWebServerApplicationContext : Root WebApplicationContext: initialization completed in 2594 ms
2025-11-05 10:28:00.679  INFO 5028 --- [main] o.s.b.a.h2.H2ConsoleAutoConfiguration    : H2 console available at '/h2-console'. Database available at 'jdbc:h2:file:./data/deliveriesdb'
2025-11-05 10:28:00.850  INFO 5028 --- [main] o.hibernate.jpa.internal.util.LogHelper  : HHH000204: Processing PersistenceUnitInfo [name: default]
2025-11-05 10:28:00.953  INFO 5028 --- [main] org.hibernate.Version                    : HHH000412: Hibernate ORM core version 5.6.15.Final
2025-11-05 10:28:01.241  INFO 5028 --- [main] o.hibernate.annotations.common.Version   : HCANN000001: Hibernate Commons Annotations {5.1.2.Final}
2025-11-05 10:28:01.533  INFO 5028 --- [main] org.hibernate.dialect.Dialect            : HHH000400: Using dialect: org.hibernate.dialect.H2Dialect
2025-11-05 10:28:02.997  INFO 5028 --- [main] o.h.e.t.j.p.i.JtaPlatformInitiator       : HHH000490: Using JtaPlatform implementation: [org.hibernate.engine.transaction.jta.platform.internal.NoJtaPlatform]
2025-11-05 10:28:03.009  INFO 5028 --- [main] j.LocalContainerEntityManagerFactoryBean : Initialized JPA EntityManagerFactory for persistence unit 'default'
2025-11-05 10:28:03.648  WARN 5028 --- [main] JpaBaseConfiguration$JpaWebConfiguration : spring.jpa.open-in-view is enabled by default. Therefore, database queries may be performed during view rendering. Explicitly configure spring.jpa.open-in-view to disable this warning
2025-11-05 10:28:04.027  WARN 5028 --- [main] ConfigServletWebServerApplicationContext : Exception encountered during context initialization - cancelling refresh attempt: org.springframework.context.ApplicationContextException: Failed to start bean 'webServerStartStop'; nested exception is org.springframework.boot.web.server.PortInUseException: Port 8080 is already in use
2025-11-05 10:28:04.029  INFO 5028 --- [main] j.LocalContainerEntityManagerFactoryBean : Closing JPA EntityManagerFactory for persistence unit 'default'
2025-11-05 10:28:04.031  INFO 5028 --- [main] o.apache.catalina.core.StandardService   : Stopping service [Tomcat]
2025-11-05 10:28:04.044  INFO 5028 --- [main] ConditionEvaluationReportLoggingListener : 

Error starting ApplicationContext. To display the conditions report re-run your application with 'debug' enabled.
2025-11-05 10:28:04.064 ERROR 5028 --- [main] o.s.b.d.LoggingFailureAnalysisReporter   : 

***************************
APPLICATION FAILED TO START
***************************

Description:

Web server failed to start. Port 8080 was already in use.

Action:

Identify and stop the process that's listening on port 8080 or configure this application to listen on another port.

2025-11-05 10:29:12.724  INFO 27572 --- [main] c.d.o.DeliveryOptimizerApplication       : Starting DeliveryOptimizerApplication using Java 17.0.12 on ycode with PID 27572 (C:\Users\safiy\Downloads\ProjectsJava\delivery-optimizer-v2\delivery-optimizer\target\classes started by safiy in C:\Users\safiy\Downloads\ProjectsJava\delivery-optimizer-v2\delivery-optimizer)
2025-11-05 10:29:12.727 DEBUG 27572 --- [main] c.d.o.DeliveryOptimizerApplication       : Running with Spring Boot v2.7.15, Spring v5.3.29
2025-11-05 10:29:12.728  INFO 27572 --- [main] c.d.o.DeliveryOptimizerApplication       : No active profile set, falling back to 1 default profile: "default"
2025-11-05 10:29:13.485  INFO 27572 --- [main] .s.d.r.c.RepositoryConfigurationDelegate : Bootstrapping Spring Data JPA repositories in DEFAULT mode.
2025-11-05 10:29:13.541  INFO 27572 --- [main] .s.d.r.c.RepositoryConfigurationDelegate : Finished Spring Data repository scanning in 49 ms. Found 4 JPA repository interfaces.
2025-11-05 10:29:14.077  INFO 27572 --- [main] o.s.b.w.embedded.tomcat.TomcatWebServer  : Tomcat initialized with port(s): 8080 (http)
2025-11-05 10:29:14.089  INFO 27572 --- [main] o.apache.catalina.core.StandardService   : Starting service [Tomcat]
2025-11-05 10:29:14.089  INFO 27572 --- [main] org.apache.catalina.core.StandardEngine  : Starting Servlet engine: [Apache Tomcat/9.0.79]
2025-11-05 10:29:14.184  INFO 27572 --- [main] o.a.c.c.C.[Tomcat].[localhost].[/]       : Initializing Spring embedded WebApplicationContext
2025-11-05 10:29:14.184  INFO 27572 --- [main] w.s.c.ServletWebServerApplicationContext : Root WebApplicationContext: initialization completed in 1393 ms
2025-11-05 10:29:14.439  INFO 27572 --- [main] o.s.b.a.h2.H2ConsoleAutoConfiguration    : H2 console available at '/h2-console'. Database available at 'jdbc:h2:file:./data/deliveriesdb'
2025-11-05 10:29:14.544  INFO 27572 --- [main] o.hibernate.jpa.internal.util.LogHelper  : HHH000204: Processing PersistenceUnitInfo [name: default]
2025-11-05 10:29:14.584  INFO 27572 --- [main] org.hibernate.Version                    : HHH000412: Hibernate ORM core version 5.6.15.Final
2025-11-05 10:29:14.722  INFO 27572 --- [main] o.hibernate.annotations.common.Version   : HCANN000001: Hibernate Commons Annotations {5.1.2.Final}
2025-11-05 10:29:14.841  INFO 27572 --- [main] org.hibernate.dialect.Dialect            : HHH000400: Using dialect: org.hibernate.dialect.H2Dialect
2025-11-05 10:29:15.440  INFO 27572 --- [main] o.h.e.t.j.p.i.JtaPlatformInitiator       : HHH000490: Using JtaPlatform implementation: [org.hibernate.engine.transaction.jta.platform.internal.NoJtaPlatform]
2025-11-05 10:29:15.458  INFO 27572 --- [main] j.LocalContainerEntityManagerFactoryBean : Initialized JPA EntityManagerFactory for persistence unit 'default'
2025-11-05 10:29:15.931  WARN 27572 --- [main] JpaBaseConfiguration$JpaWebConfiguration : spring.jpa.open-in-view is enabled by default. Therefore, database queries may be performed during view rendering. Explicitly configure spring.jpa.open-in-view to disable this warning
2025-11-05 10:29:16.322  INFO 27572 --- [main] o.s.b.w.embedded.tomcat.TomcatWebServer  : Tomcat started on port(s): 8080 (http) with context path ''
2025-11-05 10:29:16.334  INFO 27572 --- [main] c.d.o.DeliveryOptimizerApplication       : Started DeliveryOptimizerApplication in 4.03 seconds (JVM running for 4.413)
